-----------------------------------------------------------------------------------------------------------------
      name:  <unnamed>
       log:  C:\Users\User\OneDrive - Universidad de los Andes\12. Último semestre\Urban economics\Final project\
> Plan C. Economía\ReplicationFolder_Main\Out\/Table1PanelA_Descriptive.log
  log type:  text
 opened on:  18 Feb 2022, 14:45:12

. 
.         tabstat area_polyg_km `y'_km  r1_relev_`y'_cls_km , stat(count mean median sd min max) save

   stats |  area_p~m  dis~t_km  r1_rel~m
---------+------------------------------
       N |      5028      5028      5028
    mean |  73.14538  3.575732  3.156229
     p50 |  24.13583   2.60275  2.652961
      sd |  191.9312  3.289317  1.880649
     min |  .4293076  .3544996  .4160497
     max |  3986.019  38.21248  20.02817
----------------------------------------

.         
.         * Avg SD in shape within a city over years
. 
.         egen SD = sd( disconnect_km ) if area_polyg_km!=., by(id)
(3747 missing values generated)

.         sum SD

    Variable |        Obs        Mean    Std. Dev.       Min        Max
-------------+---------------------------------------------------------
          SD |      5,028    .9333371     .813094   .0656679   6.217934

.         
. log close
      name:  <unnamed>
       log:  C:\Users\User\OneDrive - Universidad de los Andes\12. Último semestre\Urban economics\Final project\
> Plan C. Economía\ReplicationFolder_Main\Out\/Table1PanelA_Descriptive.log
  log type:  text
 closed on:  18 Feb 2022, 14:45:12
-----------------------------------------------------------------------------------------------------------------
-----------------------------------------------------------------------------------------------------------------
      name:  <unnamed>
       log:  C:\Users\User\OneDrive - Universidad de los Andes\12. Último semestre\Urban economics\Final project\
> Plan C. Economía\ReplicationFolder_Main\Out\/Table1PanelA_Descriptive.log
  log type:  text
 opened on:  18 Feb 2022, 14:45:12

. 
.         tabstat TOTAL_pop_all if e(sample)==1, stat(count mean median sd min max) save

    variable |         N      mean       p50        sd       min       max
-------------+------------------------------------------------------------
TOTAL_pop_~l |      1135  480625.6    133229   1546857      5822  2.21e+07
--------------------------------------------------------------------------

.         
. log close
      name:  <unnamed>
       log:  C:\Users\User\OneDrive - Universidad de los Andes\12. Último semestre\Urban economics\Final project\
> Plan C. Economía\ReplicationFolder_Main\Out\/Table1PanelA_Descriptive.log
  log type:  text
 closed on:  18 Feb 2022, 14:45:12
-----------------------------------------------------------------------------------------------------------------
